<?xml version="1.0" encoding="UTF-8" ?>
<testsuite tests="8" failures="0" name="com.maiquan.aladdin.TestProductService" time="17.562" errors="2" skipped="0">
  <properties>
[...]
</properties>
  <testcase classname="com.maiquan.aladdin.TestProductService" name="testGetProduct" time="17.535">
    <error message="
### Error querying database.  Cause: com.mysql.jdbc.exceptions.jdbc4.MySQLSyntaxErrorException: Table &apos;alading2.t_product&apos; doesn&apos;t exist
### The error may exist in file [C:\Users\hsf\workspace\aladdin_product\target\classes\com\maiquan\aladdin\mapper\ProductMapper.xml]
### The error may involve com.maiquan.aladdin.mapper.ProductMapper.selectByPrimaryKey-Inline
### The error occurred while setting parameters
### SQL: select            ID, brandID, categoryID, supplyID, shortName, productName, sellDesc, sellType, productCode,      weight, price, collects, views, sellCount, limitCount, sortOrder, platform, minusStock,      status, uid, createTime, updateTime         from t_product     where ID = ?
### Cause: com.mysql.jdbc.exceptions.jdbc4.MySQLSyntaxErrorException: Table &apos;alading2.t_product&apos; doesn&apos;t exist
; bad SQL grammar []; nested exception is com.mysql.jdbc.exceptions.jdbc4.MySQLSyntaxErrorException: Table &apos;alading2.t_product&apos; doesn&apos;t exist" type="org.springframework.jdbc.BadSqlGrammarException">org.springframework.jdbc.BadSqlGrammarException: 
### Error querying database.  Cause: com.mysql.jdbc.exceptions.jdbc4.MySQLSyntaxErrorException: Table &apos;alading2.t_product&apos; doesn&apos;t exist
### The error may exist in file [C:\Users\hsf\workspace\aladdin_product\target\classes\com\maiquan\aladdin\mapper\ProductMapper.xml]
### The error may involve com.maiquan.aladdin.mapper.ProductMapper.selectByPrimaryKey-Inline
### The error occurred while setting parameters
### SQL: select            ID, brandID, categoryID, supplyID, shortName, productName, sellDesc, sellType, productCode,      weight, price, collects, views, sellCount, limitCount, sortOrder, platform, minusStock,      status, uid, createTime, updateTime         from t_product     where ID = ?
### Cause: com.mysql.jdbc.exceptions.jdbc4.MySQLSyntaxErrorException: Table &apos;alading2.t_product&apos; doesn&apos;t exist
; bad SQL grammar []; nested exception is com.mysql.jdbc.exceptions.jdbc4.MySQLSyntaxErrorException: Table &apos;alading2.t_product&apos; doesn&apos;t exist
	at org.springframework.jdbc.support.SQLErrorCodeSQLExceptionTranslator.doTranslate(SQLErrorCodeSQLExceptionTranslator.java:233)
	at org.springframework.jdbc.support.AbstractFallbackSQLExceptionTranslator.translate(AbstractFallbackSQLExceptionTranslator.java:72)
	at org.mybatis.spring.MyBatisExceptionTranslator.translateExceptionIfPossible(MyBatisExceptionTranslator.java:74)
	at org.mybatis.spring.SqlSessionTemplate$SqlSessionInterceptor.invoke(SqlSessionTemplate.java:399)
	at com.sun.proxy.$Proxy14.selectOne(Unknown Source)
	at org.mybatis.spring.SqlSessionTemplate.selectOne(SqlSessionTemplate.java:165)
	at org.apache.ibatis.binding.MapperMethod.execute(MapperMethod.java:63)
	at org.apache.ibatis.binding.MapperProxy.invoke(MapperProxy.java:43)
	at com.sun.proxy.$Proxy15.selectByPrimaryKey(Unknown Source)
	at com.maiquan.aladdin.service.impl.ProductServiceImpl.queryProductDetail(ProductServiceImpl.java:34)
	at sun.reflect.NativeMethodAccessorImpl.invoke0(Native Method)
	at sun.reflect.NativeMethodAccessorImpl.invoke(NativeMethodAccessorImpl.java:62)
	at sun.reflect.DelegatingMethodAccessorImpl.invoke(DelegatingMethodAccessorImpl.java:43)
	at java.lang.reflect.Method.invoke(Method.java:497)
	at org.springframework.aop.support.AopUtils.invokeJoinpointUsingReflection(AopUtils.java:319)
	at org.springframework.aop.framework.ReflectiveMethodInvocation.invokeJoinpoint(ReflectiveMethodInvocation.java:183)
	at org.springframework.aop.framework.ReflectiveMethodInvocation.proceed(ReflectiveMethodInvocation.java:150)
	at org.springframework.transaction.interceptor.TransactionInterceptor.invoke(TransactionInterceptor.java:110)
	at org.springframework.aop.framework.ReflectiveMethodInvocation.proceed(ReflectiveMethodInvocation.java:172)
	at org.springframework.aop.interceptor.ExposeInvocationInterceptor.invoke(ExposeInvocationInterceptor.java:90)
	at org.springframework.aop.framework.ReflectiveMethodInvocation.proceed(ReflectiveMethodInvocation.java:172)
	at org.springframework.aop.framework.JdkDynamicAopProxy.invoke(JdkDynamicAopProxy.java:202)
	at com.sun.proxy.$Proxy20.queryProductDetail(Unknown Source)
	at com.maiquan.aladdin.TestProductService.testGetProduct(TestProductService.java:63)
	at sun.reflect.NativeMethodAccessorImpl.invoke0(Native Method)
	at sun.reflect.NativeMethodAccessorImpl.invoke(NativeMethodAccessorImpl.java:62)
	at sun.reflect.DelegatingMethodAccessorImpl.invoke(DelegatingMethodAccessorImpl.java:43)
	at java.lang.reflect.Method.invoke(Method.java:497)
	at org.junit.runners.model.FrameworkMethod$1.runReflectiveCall(FrameworkMethod.java:45)
	at org.junit.internal.runners.model.ReflectiveCallable.run(ReflectiveCallable.java:15)
	at org.junit.runners.model.FrameworkMethod.invokeExplosively(FrameworkMethod.java:42)
	at org.junit.internal.runners.statements.InvokeMethod.evaluate(InvokeMethod.java:20)
	at org.springframework.test.context.junit4.statements.RunBeforeTestMethodCallbacks.evaluate(RunBeforeTestMethodCallbacks.java:74)
	at org.springframework.test.context.junit4.statements.RunAfterTestMethodCallbacks.evaluate(RunAfterTestMethodCallbacks.java:83)
	at org.springframework.test.context.junit4.statements.SpringRepeat.evaluate(SpringRepeat.java:72)
	at org.springframework.test.context.junit4.SpringJUnit4ClassRunner.runChild(SpringJUnit4ClassRunner.java:231)
	at org.junit.runners.BlockJUnit4ClassRunner.runChild(BlockJUnit4ClassRunner.java:47)
	at org.junit.runners.ParentRunner$3.run(ParentRunner.java:231)
	at org.junit.runners.ParentRunner$1.schedule(ParentRunner.java:60)
	at org.junit.runners.ParentRunner.runChildren(ParentRunner.java:229)
	at org.junit.runners.ParentRunner.access$000(ParentRunner.java:50)
	at org.junit.runners.ParentRunner$2.evaluate(ParentRunner.java:222)
	at org.springframework.test.context.junit4.statements.RunBeforeTestClassCallbacks.evaluate(RunBeforeTestClassCallbacks.java:61)
	at org.springframework.test.context.junit4.statements.RunAfterTestClassCallbacks.evaluate(RunAfterTestClassCallbacks.java:71)
	at org.junit.runners.ParentRunner.run(ParentRunner.java:300)
	at org.springframework.test.context.junit4.SpringJUnit4ClassRunner.run(SpringJUnit4ClassRunner.java:174)
	at org.apache.maven.surefire.junit4.JUnit4Provider.execute(JUnit4Provider.java:252)
	at org.apache.maven.surefire.junit4.JUnit4Provider.executeTestSet(JUnit4Provider.java:141)
	at org.apache.maven.surefire.junit4.JUnit4Provider.invoke(JUnit4Provider.java:112)
	at sun.reflect.NativeMethodAccessorImpl.invoke0(Native Method)
	at sun.reflect.NativeMethodAccessorImpl.invoke(NativeMethodAccessorImpl.java:62)
	at sun.reflect.DelegatingMethodAccessorImpl.invoke(DelegatingMethodAccessorImpl.java:43)
	at java.lang.reflect.Method.invoke(Method.java:497)
	at org.apache.maven.surefire.util.ReflectionUtils.invokeMethodWithArray(ReflectionUtils.java:189)
	at org.apache.maven.surefire.booter.ProviderFactory$ProviderProxy.invoke(ProviderFactory.java:165)
	at org.apache.maven.surefire.booter.ProviderFactory.invokeProvider(ProviderFactory.java:85)
	at org.apache.maven.surefire.booter.ForkedBooter.runSuitesInProcess(ForkedBooter.java:115)
	at org.apache.maven.surefire.booter.ForkedBooter.main(ForkedBooter.java:75)
Caused by: com.mysql.jdbc.exceptions.jdbc4.MySQLSyntaxErrorException: Table &apos;alading2.t_product&apos; doesn&apos;t exist
	at sun.reflect.NativeConstructorAccessorImpl.newInstance0(Native Method)
	at sun.reflect.NativeConstructorAccessorImpl.newInstance(NativeConstructorAccessorImpl.java:62)
	at sun.reflect.DelegatingConstructorAccessorImpl.newInstance(DelegatingConstructorAccessorImpl.java:45)
	at java.lang.reflect.Constructor.newInstance(Constructor.java:422)
	at com.mysql.jdbc.Util.handleNewInstance(Util.java:408)
	at com.mysql.jdbc.Util.getInstance(Util.java:383)
	at com.mysql.jdbc.SQLError.createSQLException(SQLError.java:1062)
	at com.mysql.jdbc.MysqlIO.checkErrorPacket(MysqlIO.java:4226)
	at com.mysql.jdbc.MysqlIO.checkErrorPacket(MysqlIO.java:4158)
	at com.mysql.jdbc.MysqlIO.sendCommand(MysqlIO.java:2615)
	at com.mysql.jdbc.MysqlIO.sqlQueryDirect(MysqlIO.java:2776)
	at com.mysql.jdbc.ConnectionImpl.execSQL(ConnectionImpl.java:2840)
	at com.mysql.jdbc.PreparedStatement.executeInternal(PreparedStatement.java:2082)
	at com.mysql.jdbc.PreparedStatement.execute(PreparedStatement.java:1302)
	at com.alibaba.druid.pool.DruidPooledPreparedStatement.execute(DruidPooledPreparedStatement.java:493)
	at org.apache.ibatis.executor.statement.PreparedStatementHandler.query(PreparedStatementHandler.java:56)
	at org.apache.ibatis.executor.statement.RoutingStatementHandler.query(RoutingStatementHandler.java:70)
	at org.apache.ibatis.executor.SimpleExecutor.doQuery(SimpleExecutor.java:57)
	at org.apache.ibatis.executor.BaseExecutor.queryFromDatabase(BaseExecutor.java:259)
	at org.apache.ibatis.executor.BaseExecutor.query(BaseExecutor.java:132)
	at org.apache.ibatis.executor.CachingExecutor.query(CachingExecutor.java:105)
	at org.apache.ibatis.executor.CachingExecutor.query(CachingExecutor.java:81)
	at org.apache.ibatis.session.defaults.DefaultSqlSession.selectList(DefaultSqlSession.java:104)
	at org.apache.ibatis.session.defaults.DefaultSqlSession.selectList(DefaultSqlSession.java:98)
	at org.apache.ibatis.session.defaults.DefaultSqlSession.selectOne(DefaultSqlSession.java:62)
	at sun.reflect.NativeMethodAccessorImpl.invoke0(Native Method)
	at sun.reflect.NativeMethodAccessorImpl.invoke(NativeMethodAccessorImpl.java:62)
	at sun.reflect.DelegatingMethodAccessorImpl.invoke(DelegatingMethodAccessorImpl.java:43)
	at java.lang.reflect.Method.invoke(Method.java:497)
	at org.mybatis.spring.SqlSessionTemplate$SqlSessionInterceptor.invoke(SqlSessionTemplate.java:386)
	... 54 more
</error>
    <system-out>INFO  - TestContextManager         - @TestExecutionListeners is not present for class [class com.maiquan.aladdin.TestProductService]: using defaults.
INFO  - XmlBeanDefinitionReader    - Loading XML bean definitions from class path resource [applicationContext.xml]
INFO  - XmlBeanDefinitionReader    - Loading XML bean definitions from class path resource [dubbo.xml]
INFO  - LoggerFactory              - using logger: com.alibaba.dubbo.common.logger.log4j.Log4jLoggerAdapter
INFO  - sPathBeanDefinitionScanner - JSR-250 &apos;javax.annotation.ManagedBean&apos; found and supported for component scanning
INFO  - GenericApplicationContext  - Refreshing org.springframework.context.support.GenericApplicationContext@29774679: startup date [Thu Mar 03 10:00:16 CST 2016]; root of context hierarchy
INFO  - pertyPlaceholderConfigurer - Loading properties file from class path resource [db.properties]
INFO  - pertyPlaceholderConfigurer - Loading properties file from class path resource [redis.properties]
INFO  - DefaultListableBeanFactory - Pre-instantiating singletons in org.springframework.beans.factory.support.DefaultListableBeanFactory@47d90b9e: defining beans [productProvider,com.alibaba.dubbo.config.RegistryConfig,dubbo,rest,com.maiquan.aladdin.service.IProductService,productService,com.maiquan.aladdin.service.IProductSkuService,productSkuService,com.maiquan.aladdin.service.IProductVoService,productVoService,propertyConfigurer,jedisFactory,jedisTemplate,productDaoImpl,productSkuDaoImpl,commentServiceImpl,org.springframework.context.annotation.internalConfigurationAnnotationProcessor,org.springframework.context.annotation.internalAutowiredAnnotationProcessor,org.springframework.context.annotation.internalRequiredAnnotationProcessor,org.springframework.context.annotation.internalCommonAnnotationProcessor,dataSource,org.mybatis.spring.mapper.MapperScannerConfigurer#0,sqlSessionFactory,transactionManager,org.springframework.aop.config.internalAutoProxyCreator,aladingService,org.springframework.aop.support.DefaultBeanFactoryPointcutAdvisor#0,txAdvice,org.springframework.context.annotation.ConfigurationClassPostProcessor.importAwareProcessor,productMapper,productSkuMapper,commentImgMapper,commentMapper]; root of factory hierarchy
INFO  - AbstractConfig             -  [DUBBO] The service ready on spring started. service: com.maiquan.aladdin.service.IProductService, dubbo version: 2.8.4, current host: 127.0.0.1
INFO  - AbstractConfig             -  [DUBBO] Export dubbo service com.maiquan.aladdin.service.IProductService to local registry, dubbo version: 2.8.4, current host: 127.0.0.1
INFO  - AbstractConfig             -  [DUBBO] Export dubbo service com.maiquan.aladdin.service.IProductService to url dubbo://192.168.121.1:20881/com.maiquan.aladdin.service.IProductService?anyhost=true&amp;application=productProvider&amp;dubbo=2.8.4&amp;generic=false&amp;interface=com.maiquan.aladdin.service.IProductService&amp;methods=addProduct,updateProduct,queryProductDetail,offShelfProduct,getProductListByStatus,deleteProduct,queryProductList&amp;pid=8392&amp;side=provider&amp;timestamp=1456970421518, dubbo version: 2.8.4, current host: 127.0.0.1
INFO  - AbstractConfig             -  [DUBBO] Register dubbo service com.maiquan.aladdin.service.IProductService url dubbo://192.168.121.1:20881/com.maiquan.aladdin.service.IProductService?anyhost=true&amp;application=productProvider&amp;dubbo=2.8.4&amp;generic=false&amp;interface=com.maiquan.aladdin.service.IProductService&amp;methods=addProduct,updateProduct,queryProductDetail,offShelfProduct,getProductListByStatus,deleteProduct,queryProductList&amp;pid=8392&amp;side=provider&amp;timestamp=1456970421518 to registry registry://127.0.0.1:2181/com.alibaba.dubbo.registry.RegistryService?application=productProvider&amp;dubbo=2.8.4&amp;pid=8392&amp;registry=zookeeper&amp;timeout=30000&amp;timestamp=1456970421470, dubbo version: 2.8.4, current host: 127.0.0.1
INFO  - AbstractServer             -  [DUBBO] Start NettyServer bind /0.0.0.0:20881, export /192.168.121.1:20881, dubbo version: 2.8.4, current host: 127.0.0.1
INFO  - ZookeeperRegistry          -  [DUBBO] Load registry store file C:\Users\hsf\.dubbo\dubbo-registry-127.0.0.1.cache, data: {com.maiquan.aladingback.service.ICommentRestService=empty://192.168.121.1:8085/alading/com.maiquan.aladingback.service.ICommentRestService?anyhost=true&amp;application=commentProvider&amp;category=configurators&amp;check=false&amp;dubbo=2.8.4&amp;generic=false&amp;interface=com.maiquan.aladingback.service.ICommentRestService&amp;methods=getCommentDetail,getCommentList,comment&amp;pid=92256&amp;server=tomcat&amp;side=provider&amp;timestamp=1456725941027, */demo.dubbo.service.UserService:*=empty://192.168.121.1/demo.dubbo.service.UserService?category=consumers&amp;check=false&amp;classifier=*&amp;group=*&amp;interface=demo.dubbo.service.UserService&amp;version=* empty://192.168.121.1/demo.dubbo.service.UserService?category=providers&amp;check=false&amp;classifier=*&amp;group=*&amp;interface=demo.dubbo.service.UserService&amp;version=*, com.maiquan.alading01.service.IManageReceAddService=empty://192.168.121.1/com.maiquan.alading01.service.IManageReceAddService?application=alading01front&amp;category=configurators&amp;dubbo=2.8.4&amp;interface=com.maiquan.alading01.service.IManageReceAddService&amp;methods=updateAddress,listAddress,addAddress,getAddress,deleteAddress&amp;pid=3924&amp;revision=0.0.1-SNAPSHOT&amp;side=consumer&amp;timestamp=1455846725884 empty://192.168.121.1/com.maiquan.alading01.service.IManageReceAddService?application=alading01front&amp;category=routers&amp;dubbo=2.8.4&amp;interface=com.maiquan.alading01.service.IManageReceAddService&amp;methods=updateAddress,listAddress,addAddress,getAddress,deleteAddress&amp;pid=3924&amp;revision=0.0.1-SNAPSHOT&amp;side=consumer&amp;timestamp=1455846725884 dubbo://192.168.121.1:20880/com.maiquan.alading01.service.IManageReceAddService?anyhost=true&amp;application=receAddProvider&amp;dubbo=2.8.4&amp;generic=false&amp;interface=com.maiquan.alading01.service.IManageReceAddService&amp;methods=updateAddress,addAddress,listAddress,getAddress,deleteAddress&amp;pid=9916&amp;side=provider&amp;timestamp=1455846637567, */com.maiquan.aladingback.service.IManageReceAddRestService:*=empty://192.168.121.1/com.maiquan.aladingback.service.IManageReceAddRestService?category=consumers&amp;check=false&amp;classifier=*&amp;group=*&amp;interface=com.maiquan.aladingback.service.IManageReceAddRestService&amp;version=* empty://192.168.121.1/com.maiquan.aladingback.service.IManageReceAddRestService?category=providers&amp;check=false&amp;classifier=*&amp;group=*&amp;interface=com.maiquan.aladingback.service.IManageReceAddRestService&amp;version=*, com.maiquan.aladingback.service.IManageReceAddRestService=empty://192.168.121.1:8085/alading/com.maiquan.aladingback.service.IManageReceAddRestService?anyhost=true&amp;application=receAddProvider&amp;category=configurators&amp;check=false&amp;dubbo=2.8.4&amp;generic=false&amp;interface=com.maiquan.aladingback.service.IManageReceAddRestService&amp;methods=updateAddress,listAddress,addAddress,setUserDefaultAddress,listUsableAddress,getAddress,deleteAddress,getDefaultAddress&amp;pid=66244&amp;server=tomcat&amp;side=provider&amp;timestamp=1456472905090, com.mor.maven.dubboserver.service.IAccountService=empty://192.168.121.1:8085/services/com.mor.maven.dubboserver.service.IAccountService?accepts=500&amp;anyhost=true&amp;application=aladingserver&amp;category=configurators&amp;check=false&amp;dubbo=2.8.4&amp;generic=false&amp;interface=com.mor.maven.dubboserver.service.IAccountService&amp;methods=decrease&amp;pid=8448&amp;server=tomcat&amp;side=provider&amp;threads=500&amp;timestamp=1453459758516, */com.maiquan.alading01.service.IManageReceAddService:*=empty://192.168.121.1/com.maiquan.alading01.service.IManageReceAddService?category=consumers&amp;check=false&amp;classifier=*&amp;group=*&amp;interface=com.maiquan.alading01.service.IManageReceAddService&amp;version=* empty://192.168.121.1/com.maiquan.alading01.service.IManageReceAddService?category=providers&amp;check=false&amp;classifier=*&amp;group=*&amp;interface=com.maiquan.alading01.service.IManageReceAddService&amp;version=*, com.maiquan.aladingback.service.ICommentService=empty://192.168.121.1/com.maiquan.aladingback.service.ICommentService?application=comment_consumer&amp;category=configurators&amp;dubbo=2.8.4&amp;interface=com.maiquan.aladingback.service.ICommentService&amp;methods=getCommentDetail,getCommentNoDeletedList,getCountNoDeletedByProductID,comment&amp;pid=99744&amp;revision=0.0.1-SNAPSHOT&amp;side=consumer&amp;timestamp=1456735828393 empty://192.168.121.1/com.maiquan.aladingback.service.ICommentService?application=comment_consumer&amp;category=routers&amp;dubbo=2.8.4&amp;interface=com.maiquan.aladingback.service.ICommentService&amp;methods=getCommentDetail,getCommentNoDeletedList,getCountNoDeletedByProductID,comment&amp;pid=99744&amp;revision=0.0.1-SNAPSHOT&amp;side=consumer&amp;timestamp=1456735828393 dubbo://192.168.121.1:20880/com.maiquan.aladingback.service.ICommentService?anyhost=true&amp;application=commentProvider&amp;dubbo=2.8.4&amp;generic=false&amp;interface=com.maiquan.aladingback.service.ICommentService&amp;methods=getCommentDetail,getCommentNoDeletedList,getCountNoDeletedByProductID,comment&amp;pid=92256&amp;side=provider&amp;timestamp=1456725927762, */com.maiquan.alading03back.service.IManageReceAddService:*=empty://192.168.121.1/com.maiquan.alading03back.service.IManageReceAddService?category=consumers&amp;check=false&amp;classifier=*&amp;group=*&amp;interface=com.maiquan.alading03back.service.IManageReceAddService&amp;version=* empty://192.168.121.1/com.maiquan.alading03back.service.IManageReceAddService?category=providers&amp;check=false&amp;classifier=*&amp;group=*&amp;interface=com.maiquan.alading03back.service.IManageReceAddService&amp;version=*, */com.mor.maven.dubboserver.service.IPayService:*=empty://192.168.121.1/com.mor.maven.dubboserver.service.IPayService?category=consumers&amp;check=false&amp;classifier=*&amp;group=*&amp;interface=com.mor.maven.dubboserver.service.IPayService&amp;version=* empty://192.168.121.1/com.mor.maven.dubboserver.service.IPayService?category=providers&amp;check=false&amp;classifier=*&amp;group=*&amp;interface=com.mor.maven.dubboserver.service.IPayService&amp;version=*, com.mor.maven.dubboserver.service.IReceivingService=empty://192.168.121.1:8085/services/com.mor.maven.dubboserver.service.IReceivingService?accepts=500&amp;anyhost=true&amp;application=aladingserver&amp;category=configurators&amp;check=false&amp;dubbo=2.8.4&amp;generic=false&amp;interface=com.mor.maven.dubboserver.service.IReceivingService&amp;methods=receive&amp;pid=8448&amp;server=tomcat&amp;side=provider&amp;threads=500&amp;timestamp=1453459758688, */com.maiquan.aladingback.service.IAddressService:*=empty://192.168.121.1/com.maiquan.aladingback.service.IAddressService?category=consumers&amp;check=false&amp;classifier=*&amp;group=*&amp;interface=com.maiquan.aladingback.service.IAddressService&amp;version=* empty://192.168.121.1/com.maiquan.aladingback.service.IAddressService?category=providers&amp;check=false&amp;classifier=*&amp;group=*&amp;interface=com.maiquan.aladingback.service.IAddressService&amp;version=*, com.mor.maven.dubboserver.service.IEmailInformService=empty://192.168.121.1:8085/services/com.mor.maven.dubboserver.service.IEmailInformService?accepts=500&amp;anyhost=true&amp;application=aladingserver&amp;category=configurators&amp;check=false&amp;dubbo=2.8.4&amp;generic=false&amp;interface=com.mor.maven.dubboserver.service.IEmailInformService&amp;methods=inform&amp;pid=8448&amp;server=tomcat&amp;side=provider&amp;threads=500&amp;timestamp=1453459758595, */demo.dubbo.service.DemoService:*=empty://192.168.121.1/demo.dubbo.service.DemoService?category=consumers&amp;check=false&amp;classifier=*&amp;group=*&amp;interface=demo.dubbo.service.DemoService&amp;version=* empty://192.168.121.1/demo.dubbo.service.DemoService?category=providers&amp;check=false&amp;classifier=*&amp;group=*&amp;interface=demo.dubbo.service.DemoService&amp;version=*, */demo.dubbo.service.OrderService:*=empty://192.168.121.1/demo.dubbo.service.OrderService?category=consumers&amp;check=false&amp;classifier=*&amp;group=*&amp;interface=demo.dubbo.service.OrderService&amp;version=* empty://192.168.121.1/demo.dubbo.service.OrderService?category=providers&amp;check=false&amp;classifier=*&amp;group=*&amp;interface=demo.dubbo.service.OrderService&amp;version=*, order/com.mor.maven.dubboserver.service.IOrderService=empty://192.168.121.1:8085/services/com.mor.maven.dubboserver.service.IOrderService?accepts=500&amp;anyhost=true&amp;application=aladingserver&amp;category=configurators&amp;check=false&amp;dubbo=2.8.4&amp;generic=false&amp;group=order&amp;interface=com.mor.maven.dubboserver.service.IOrderService&amp;methods=add,audit&amp;pid=8448&amp;server=tomcat&amp;side=provider&amp;threads=500&amp;timestamp=1453459758298, com.mor.maven.dubboserver.service.IOrderDetailService=empty://192.168.121.1:8085/services/com.mor.maven.dubboserver.service.IOrderDetailService?accepts=500&amp;anyhost=true&amp;application=aladingserver&amp;category=configurators&amp;check=false&amp;dubbo=2.8.4&amp;generic=false&amp;interface=com.mor.maven.dubboserver.service.IOrderDetailService&amp;methods=save&amp;pid=10560&amp;server=tomcat&amp;side=provider&amp;threads=500&amp;timestamp=1454248383932&amp;validation=false, demo.dubbo.service.DemoService=empty://192.168.121.1/demo.dubbo.service.DemoService?application=gateway&amp;category=configurators&amp;default.timeout=5000&amp;dubbo=2.8.4&amp;interface=demo.dubbo.service.DemoService&amp;methods=sayHello&amp;pid=8896&amp;side=consumer&amp;timestamp=1455711562586 empty://192.168.121.1/demo.dubbo.service.DemoService?application=gateway&amp;category=routers&amp;default.timeout=5000&amp;dubbo=2.8.4&amp;interface=demo.dubbo.service.DemoService&amp;methods=sayHello&amp;pid=8896&amp;side=consumer&amp;timestamp=1455711562586 dubbo://192.168.121.1:20880/demo.dubbo.service.DemoService?anyhost=true&amp;application=hello-world-app&amp;dubbo=2.8.4&amp;generic=false&amp;interface=demo.dubbo.service.DemoService&amp;methods=sayHello&amp;pid=21936&amp;side=provider&amp;timestamp=1455711398714, com.maiquan.aladdin.service.ICommentService=empty://192.168.121.1/com.maiquan.aladdin.service.ICommentService?application=comment_consumer&amp;category=configurators&amp;dubbo=2.8.4&amp;interface=com.maiquan.aladdin.service.ICommentService&amp;methods=getCommentDetail,getCommentNoDeletedList,getCountNoDeletedByProductID,comment&amp;pid=10192&amp;revision=0.2.0-SNAPSHOT&amp;side=consumer&amp;timestamp=1456938669527 empty://192.168.121.1/com.maiquan.aladdin.service.ICommentService?application=comment_consumer&amp;category=routers&amp;dubbo=2.8.4&amp;interface=com.maiquan.aladdin.service.ICommentService&amp;methods=getCommentDetail,getCommentNoDeletedList,getCountNoDeletedByProductID,comment&amp;pid=10192&amp;revision=0.2.0-SNAPSHOT&amp;side=consumer&amp;timestamp=1456938669527 dubbo://192.168.121.1:20881/com.maiquan.aladdin.service.ICommentService?anyhost=true&amp;application=commentProvider&amp;dubbo=2.8.4&amp;generic=false&amp;interface=com.maiquan.aladdin.service.ICommentService&amp;methods=getCommentDetail,getCommentNoDeletedList,getCountNoDeletedByProductID,comment&amp;pid=2888&amp;side=provider&amp;timestamp=1456938455967, com.maiquan.aladingback.service.IAddressService=empty://192.168.121.1:20880/com.maiquan.aladingback.service.IAddressService?anyhost=true&amp;application=receAddProvider&amp;category=configurators&amp;check=false&amp;dubbo=2.8.4&amp;generic=false&amp;interface=com.maiquan.aladingback.service.IAddressService&amp;methods=getSubAddress,addAddress,getAddress,addSubAddress&amp;pid=66244&amp;side=provider&amp;timestamp=1456472904904, com.maiquan.aladdin.service.ICommentRestService=empty://192.168.121.1:8086/alading/com.maiquan.aladdin.service.ICommentRestService?anyhost=true&amp;application=commentProvider&amp;category=configurators&amp;check=false&amp;dubbo=2.8.4&amp;generic=false&amp;interface=com.maiquan.aladdin.service.ICommentRestService&amp;methods=getCommentDetail,getCommentList,comment&amp;pid=2888&amp;server=tomcat&amp;side=provider&amp;timestamp=1456938466129, */com.mor.maven.dubboserver.service.IEmailInformService:*=empty://192.168.121.1/com.mor.maven.dubboserver.service.IEmailInformService?category=consumers&amp;check=false&amp;classifier=*&amp;group=*&amp;interface=com.mor.maven.dubboserver.service.IEmailInformService&amp;version=* empty://192.168.121.1/com.mor.maven.dubboserver.service.IEmailInformService?category=providers&amp;check=false&amp;classifier=*&amp;group=*&amp;interface=com.mor.maven.dubboserver.service.IEmailInformService&amp;version=*, demo.dubbo.service.OrderService=empty://192.168.121.1/demo.dubbo.service.OrderService?application=gateway&amp;category=configurators&amp;default.timeout=5000&amp;dubbo=2.8.4&amp;interface=demo.dubbo.service.OrderService&amp;methods=findById,getStatus&amp;pid=8896&amp;side=consumer&amp;timestamp=1455711572915 empty://192.168.121.1/demo.dubbo.service.OrderService?application=gateway&amp;category=routers&amp;default.timeout=5000&amp;dubbo=2.8.4&amp;interface=demo.dubbo.service.OrderService&amp;methods=findById,getStatus&amp;pid=8896&amp;side=consumer&amp;timestamp=1455711572915 dubbo://192.168.121.1:20880/demo.dubbo.service.OrderService?anyhost=true&amp;application=hello-world-app&amp;dubbo=2.8.4&amp;generic=false&amp;interface=demo.dubbo.service.OrderService&amp;methods=findById,getStatus&amp;pid=21936&amp;side=provider&amp;timestamp=1455711408917, */com.mor.maven.dubboserver.service.IAccountService:*=empty://192.168.121.1/com.mor.maven.dubboserver.service.IAccountService?category=consumers&amp;check=false&amp;classifier=*&amp;group=*&amp;interface=com.mor.maven.dubboserver.service.IAccountService&amp;version=* empty://192.168.121.1/com.mor.maven.dubboserver.service.IAccountService?category=providers&amp;check=false&amp;classifier=*&amp;group=*&amp;interface=com.mor.maven.dubboserver.service.IAccountService&amp;version=*, demo.dubbo.service.UserService=empty://192.168.121.1/demo.dubbo.service.UserService?application=gateway&amp;category=configurators&amp;default.timeout=5000&amp;dubbo=2.8.4&amp;interface=demo.dubbo.service.UserService&amp;methods=findById,list&amp;pid=8896&amp;side=consumer&amp;timestamp=1455711572586 empty://192.168.121.1/demo.dubbo.service.UserService?application=gateway&amp;category=routers&amp;default.timeout=5000&amp;dubbo=2.8.4&amp;interface=demo.dubbo.service.UserService&amp;methods=findById,list&amp;pid=8896&amp;side=consumer&amp;timestamp=1455711572586 dubbo://192.168.121.1:20880/demo.dubbo.service.UserService?anyhost=true&amp;application=hello-world-app&amp;dubbo=2.8.4&amp;generic=false&amp;interface=demo.dubbo.service.UserService&amp;methods=findById,list&amp;pid=21936&amp;side=provider&amp;timestamp=1455711408807, com.alibaba.dubbo.monitor.MonitorService=empty://192.168.121.1:7070/com.alibaba.dubbo.monitor.MonitorService?anyhost=true&amp;application=simple-monitor&amp;category=configurators&amp;check=false&amp;delay=-1&amp;dubbo=2.8.4&amp;generic=false&amp;interface=com.alibaba.dubbo.monitor.MonitorService&amp;methods=lookup,collect&amp;pid=49356&amp;revision=2.8.4&amp;side=provider&amp;timestamp=1456406502116, */com.alibaba.dubbo.monitor.MonitorService:*=empty://192.168.121.1/com.alibaba.dubbo.monitor.MonitorService?category=consumers&amp;check=false&amp;classifier=*&amp;group=*&amp;interface=com.alibaba.dubbo.monitor.MonitorService&amp;version=* dubbo://192.168.121.1:7070/com.alibaba.dubbo.monitor.MonitorService?anyhost=true&amp;application=simple-monitor&amp;delay=-1&amp;dubbo=2.8.4&amp;generic=false&amp;interface=com.alibaba.dubbo.monitor.MonitorService&amp;methods=lookup,collect&amp;pid=49356&amp;revision=2.8.4&amp;side=provider&amp;timestamp=1456406502116, com.mor.maven.dubboserver.service.IUserService=empty://192.168.121.1/com.mor.maven.dubboserver.service.IUserService?application=aladingclient&amp;category=configurators&amp;dubbo=2.8.4&amp;interface=com.mor.maven.dubboserver.service.IUserService&amp;methods=get,save,update,delete&amp;pid=14380&amp;protocol=dubbo&amp;revision=0.0.1&amp;side=consumer&amp;timestamp=1455703072070 empty://192.168.121.1/com.mor.maven.dubboserver.service.IUserService?application=aladingclient&amp;category=routers&amp;dubbo=2.8.4&amp;interface=com.mor.maven.dubboserver.service.IUserService&amp;methods=get,save,update,delete&amp;pid=14380&amp;protocol=dubbo&amp;revision=0.0.1&amp;side=consumer&amp;timestamp=1455703072070 rest://192.168.121.129:8085/services/com.mor.maven.dubboserver.service.IUserService?accepts=500&amp;anyhost=true&amp;application=aladingserver&amp;dubbo=2.8.4&amp;generic=false&amp;interface=com.mor.maven.dubboserver.service.IUserService&amp;methods=get,save,update,delete&amp;pid=10225&amp;server=tomcat&amp;side=provider&amp;threads=500&amp;timestamp=1455702326127&amp;validation=false, com.maiquan.aladdin.service.IProductVoService=empty://192.168.121.1:20881/com.maiquan.aladdin.service.IProductVoService?anyhost=true&amp;application=productProvider&amp;category=configurators&amp;check=false&amp;dubbo=2.8.4&amp;generic=false&amp;interface=com.maiquan.aladdin.service.IProductVoService&amp;methods=getProductVo&amp;pid=8108&amp;side=provider&amp;timestamp=1456970380239, com.mor.maven.dubboserver.service.IPayService=empty://192.168.121.1:8085/services/com.mor.maven.dubboserver.service.IPayService?accepts=500&amp;anyhost=true&amp;application=aladingserver&amp;category=configurators&amp;check=false&amp;dubbo=2.8.4&amp;generic=false&amp;interface=com.mor.maven.dubboserver.service.IPayService&amp;methods=pay,partialRefund,refund&amp;pid=14232&amp;server=tomcat&amp;side=provider&amp;threads=500&amp;timestamp=1455702372103, */com.mor.maven.dubboregister.service.IUserService:*=empty://192.168.121.1/com.mor.maven.dubboregister.service.IUserService?category=consumers&amp;check=false&amp;classifier=*&amp;group=*&amp;interface=com.mor.maven.dubboregister.service.IUserService&amp;version=* empty://192.168.121.1/com.mor.maven.dubboregister.service.IUserService?category=providers&amp;check=false&amp;classifier=*&amp;group=*&amp;interface=com.mor.maven.dubboregister.service.IUserService&amp;version=*, com.maiquan.alading02back.service.IManageReceAddService=empty://192.168.121.1/com.maiquan.alading02back.service.IManageReceAddService?application=alading02front&amp;category=configurators&amp;dubbo=2.8.4&amp;interface=com.maiquan.alading02back.service.IManageReceAddService&amp;methods=updateAddress,addAddress,listAddress,listUsableAddress,getAddress,deleteAddress,getDefaultAddress&amp;pid=4052&amp;revision=0.0.1-SNAPSHOT&amp;side=consumer&amp;timestamp=1455865929118 empty://192.168.121.1/com.maiquan.alading02back.service.IManageReceAddService?application=alading02front&amp;category=routers&amp;dubbo=2.8.4&amp;interface=com.maiquan.alading02back.service.IManageReceAddService&amp;methods=updateAddress,addAddress,listAddress,listUsableAddress,getAddress,deleteAddress,getDefaultAddress&amp;pid=4052&amp;revision=0.0.1-SNAPSHOT&amp;side=consumer&amp;timestamp=1455865929118 dubbo://192.168.121.1:20880/com.maiquan.alading02back.service.IManageReceAddService?anyhost=true&amp;application=receAddProvider&amp;dubbo=2.8.4&amp;generic=false&amp;interface=com.maiquan.alading02back.service.IManageReceAddService&amp;methods=updateAddress,listAddress,addAddress,listUsableAddress,getAddress,getDefaultAddress,deleteAddress&amp;pid=5460&amp;side=provider&amp;timestamp=1455865894868, com.argo.multiregistryprovider.service.IUserService=empty://192.168.121.1/com.argo.multiregistryprovider.service.IUserService?application=multiregistrconsumer&amp;category=configurators&amp;dubbo=2.8.4&amp;interface=com.argo.multiregistryprovider.service.IUserService&amp;methods=sayHello&amp;pid=3932&amp;side=consumer&amp;timestamp=1455790952104 empty://192.168.121.1/com.argo.multiregistryprovider.service.IUserService?application=multiregistrconsumer&amp;category=routers&amp;dubbo=2.8.4&amp;interface=com.argo.multiregistryprovider.service.IUserService&amp;methods=sayHello&amp;pid=3932&amp;side=consumer&amp;timestamp=1455790952104 dubbo://192.168.121.1:20880/com.argo.multiregistryprovider.service.IUserService?anyhost=true&amp;application=multiregistryprovider&amp;dubbo=2.8.4&amp;generic=false&amp;interface=com.argo.multiregistryprovider.service.IUserService&amp;methods=sayHello&amp;pid=2144&amp;side=provider&amp;timestamp=1455790679063, */com.mor.maven.dubboserver.service.IOrderService:*=empty://192.168.121.1/com.mor.maven.dubboserver.service.IOrderService?category=consumers&amp;check=false&amp;classifier=*&amp;group=*&amp;interface=com.mor.maven.dubboserver.service.IOrderService&amp;version=* empty://192.168.121.1/com.mor.maven.dubboserver.service.IOrderService?category=providers&amp;check=false&amp;classifier=*&amp;group=*&amp;interface=com.mor.maven.dubboserver.service.IOrderService&amp;version=*, com.maiquan.aladingback.service.IManageReceAddService=empty://192.168.121.1:20880/com.maiquan.aladingback.service.IManageReceAddService?anyhost=true&amp;application=receAddProvider&amp;category=configurators&amp;check=false&amp;dubbo=2.8.4&amp;generic=false&amp;interface=com.maiquan.aladingback.service.IManageReceAddService&amp;methods=updateAddress,listAddress,addAddress,setUserDefaultAddress,listUsableAddress,getAddress,deleteAddress,getDefaultAddress&amp;pid=66244&amp;side=provider&amp;timestamp=1456472902768, */com.maiquan.alading02back.service.IManageReceAddService:*=empty://192.168.121.1/com.maiquan.alading02back.service.IManageReceAddService?category=consumers&amp;check=false&amp;classifier=*&amp;group=*&amp;interface=com.maiquan.alading02back.service.IManageReceAddService&amp;version=* empty://192.168.121.1/com.maiquan.alading02back.service.IManageReceAddService?category=providers&amp;check=false&amp;classifier=*&amp;group=*&amp;interface=com.maiquan.alading02back.service.IManageReceAddService&amp;version=*, */com.mor.maven.dubboserver.service.IOrderDetailService:*=empty://192.168.121.1/com.mor.maven.dubboserver.service.IOrderDetailService?category=consumers&amp;check=false&amp;classifier=*&amp;group=*&amp;interface=com.mor.maven.dubboserver.service.IOrderDetailService&amp;version=* empty://192.168.121.1/com.mor.maven.dubboserver.service.IOrderDetailService?category=providers&amp;check=false&amp;classifier=*&amp;group=*&amp;interface=com.mor.maven.dubboserver.service.IOrderDetailService&amp;version=*, com.mor.maven.dubboregister.service.IUserService=empty://192.168.121.1:8085/services/com.mor.maven.dubboregister.service.IUserService?accepts=500&amp;anyhost=true&amp;application=consumer-of-helloworld-app&amp;category=configurators&amp;check=false&amp;dubbo=2.8.4&amp;generic=false&amp;interface=com.mor.maven.dubboregister.service.IUserService&amp;methods=modify,get,registerUser,registerJson,delete&amp;pid=6484&amp;server=tomcat&amp;side=provider&amp;threads=500&amp;timestamp=1453397363385, com.maiquan.aladdin.service.IProductService=empty://192.168.121.1:20881/com.maiquan.aladdin.service.IProductService?anyhost=true&amp;application=productProvider&amp;category=configurators&amp;check=false&amp;dubbo=2.8.4&amp;generic=false&amp;interface=com.maiquan.aladdin.service.IProductService&amp;methods=updateProduct,addProduct,queryProductDetail,offShelfProduct,getProductListByStatus,deleteProduct,queryProductList&amp;pid=8108&amp;side=provider&amp;timestamp=1456970369128, */com.mor.maven.dubboserver.service.IUserService:*=empty://192.168.121.1/com.mor.maven.dubboserver.service.IUserService?category=consumers&amp;check=false&amp;classifier=*&amp;group=*&amp;interface=com.mor.maven.dubboserver.service.IUserService&amp;version=* empty://192.168.121.1/com.mor.maven.dubboserver.service.IUserService?category=providers&amp;check=false&amp;classifier=*&amp;group=*&amp;interface=com.mor.maven.dubboserver.service.IUserService&amp;version=*, */com.maiquan.aladingback.service.IManageReceAddService:*=empty://192.168.121.1/com.maiquan.aladingback.service.IManageReceAddService?category=consumers&amp;check=false&amp;classifier=*&amp;group=*&amp;interface=com.maiquan.aladingback.service.IManageReceAddService&amp;version=* empty://192.168.121.1/com.maiquan.aladingback.service.IManageReceAddService?category=providers&amp;check=false&amp;classifier=*&amp;group=*&amp;interface=com.maiquan.aladingback.service.IManageReceAddService&amp;version=*, com.mor.maven.dubboserver.service.IOrderService=empty://192.168.121.1:8085/services/com.mor.maven.dubboserver.service.IOrderService?accepts=500&amp;anyhost=true&amp;application=aladingserver&amp;category=configurators&amp;check=false&amp;dubbo=2.8.4&amp;generic=false&amp;interface=com.mor.maven.dubboserver.service.IOrderService&amp;methods=save,update&amp;pid=14232&amp;server=tomcat&amp;side=provider&amp;threads=500&amp;timestamp=1455702372607, com.maiquan.alading03back.service.IManageReceAddService=empty://192.168.121.1:8085/alading/com.maiquan.alading03back.service.IManageReceAddService?anyhost=true&amp;application=receAddProvider&amp;category=configurators&amp;check=false&amp;dubbo=2.8.4&amp;generic=false&amp;interface=com.maiquan.alading03back.service.IManageReceAddService&amp;methods=updateAddress,setUserDefaultAddress,addAddress,listAddress,listUsableAddress,getAddress,getDefaultAddress,deleteAddress&amp;pid=11668&amp;server=tomcat&amp;side=provider&amp;timestamp=1456133818575, com.maiquan.aladdin.service.IProductSkuService=empty://192.168.121.1:20881/com.maiquan.aladdin.service.IProductSkuService?anyhost=true&amp;application=productProvider&amp;category=configurators&amp;check=false&amp;dubbo=2.8.4&amp;generic=false&amp;interface=com.maiquan.aladdin.service.IProductSkuService&amp;methods=getSkuByProductID,getSkuByID&amp;pid=8108&amp;side=provider&amp;timestamp=1456970380126, */com.argo.multiregistryprovider.service.IUserService:*=empty://192.168.121.1/com.argo.multiregistryprovider.service.IUserService?category=consumers&amp;check=false&amp;classifier=*&amp;group=*&amp;interface=com.argo.multiregistryprovider.service.IUserService&amp;version=* empty://192.168.121.1/com.argo.multiregistryprovider.service.IUserService?category=providers&amp;check=false&amp;classifier=*&amp;group=*&amp;interface=com.argo.multiregistryprovider.service.IUserService&amp;version=*, */com.mor.maven.dubboserver.service.IReceivingService:*=empty://192.168.121.1/com.mor.maven.dubboserver.service.IReceivingService?category=consumers&amp;check=false&amp;classifier=*&amp;group=*&amp;interface=com.mor.maven.dubboserver.service.IReceivingService&amp;version=* empty://192.168.121.1/com.mor.maven.dubboserver.service.IReceivingService?category=providers&amp;check=false&amp;classifier=*&amp;group=*&amp;interface=com.mor.maven.dubboserver.service.IReceivingService&amp;version=*}, dubbo version: 2.8.4, current host: 127.0.0.1
INFO  - ZkEventThread              - Starting ZkClient event thread.
INFO  - ZooKeeper                  - Client environment:zookeeper.version=3.3.6-1366786, built on 07/29/2012 06:22 GMT
INFO  - ZooKeeper                  - Client environment:host.name=LAPTOP-PA3LC7B6
INFO  - ZooKeeper                  - Client environment:java.version=1.8.0_65
INFO  - ZooKeeper                  - Client environment:java.vendor=Oracle Corporation
INFO  - ZooKeeper                  - Client environment:java.home=C:\Program Files\Java\jdk1.8.0_65\jre
INFO  - ZooKeeper                  - Client environment:java.class.path=C:\Users\hsf\workspace\aladdin_product\target\test-classes;C:\Users\hsf\workspace\aladdin_product\target\classes;C:\Users\hsf\.m2\repository\junit\junit\4.10\junit-4.10.jar;C:\Users\hsf\.m2\repository\org\hamcrest\hamcrest-core\1.1\hamcrest-core-1.1.jar;C:\Users\hsf\.m2\repository\com\maiquan\aladdin_comment\0.2.0-SNAPSHOT\aladdin_comment-0.2.0-SNAPSHOT.jar;C:\Users\hsf\.m2\repository\com\alibaba\druid\1.0.16\druid-1.0.16.jar;C:\Program Files\Java\jdk1.8.0_65\jre\..\lib\jconsole.jar;C:\Program Files\Java\jdk1.8.0_65\jre\..\lib\tools.jar;C:\Users\hsf\.m2\repository\redis\clients\jedis\2.8.0\jedis-2.8.0.jar;C:\Users\hsf\.m2\repository\org\apache\commons\commons-pool2\2.3\commons-pool2-2.3.jar;C:\Users\hsf\.m2\repository\org\springframework\data\spring-data-redis\1.5.0.RELEASE\spring-data-redis-1.5.0.RELEASE.jar;C:\Users\hsf\.m2\repository\org\springframework\spring-context-support\4.0.9.RELEASE\spring-context-support-4.0.9.RELEASE.jar;C:\Users\hsf\.m2\repository\org\springframework\spring-aop\3.1.3.RELEASE\spring-aop-3.1.3.RELEASE.jar;C:\Users\hsf\.m2\repository\aopalliance\aopalliance\1.0\aopalliance-1.0.jar;C:\Users\hsf\.m2\repository\org\springframework\spring-asm\3.1.3.RELEASE\spring-asm-3.1.3.RELEASE.jar;C:\Users\hsf\.m2\repository\org\springframework\spring-core\3.1.3.RELEASE\spring-core-3.1.3.RELEASE.jar;C:\Users\hsf\.m2\repository\commons-logging\commons-logging\1.1.1\commons-logging-1.1.1.jar;C:\Users\hsf\.m2\repository\org\springframework\spring-jdbc\3.1.3.RELEASE\spring-jdbc-3.1.3.RELEASE.jar;C:\Users\hsf\.m2\repository\org\springframework\spring-beans\3.1.3.RELEASE\spring-beans-3.1.3.RELEASE.jar;C:\Users\hsf\.m2\repository\org\springframework\spring-context\3.1.3.RELEASE\spring-context-3.1.3.RELEASE.jar;C:\Users\hsf\.m2\repository\org\springframework\spring-expression\3.1.3.RELEASE\spring-expression-3.1.3.RELEASE.jar;C:\Users\hsf\.m2\repository\org\springframework\spring-tx\3.1.3.RELEASE\spring-tx-3.1.3.RELEASE.jar;C:\Users\hsf\.m2\repository\org\springframework\spring-test\3.1.3.RELEASE\spring-test-3.1.3.RELEASE.jar;C:\Users\hsf\.m2\repository\org\aspectj\aspectjweaver\1.8.1\aspectjweaver-1.8.1.jar;C:\Users\hsf\.m2\repository\mysql\mysql-connector-java\5.1.31\mysql-connector-java-5.1.31.jar;C:\Users\hsf\.m2\repository\log4j\log4j\1.2.16\log4j-1.2.16.jar;C:\Users\hsf\.m2\repository\org\slf4j\slf4j-api\1.6.6\slf4j-api-1.6.6.jar;C:\Users\hsf\.m2\repository\org\slf4j\slf4j-log4j12\1.6.6\slf4j-log4j12-1.6.6.jar;C:\Users\hsf\.m2\repository\org\mybatis\mybatis\3.2.3\mybatis-3.2.3.jar;C:\Users\hsf\.m2\repository\org\mybatis\mybatis-spring\1.2.3\mybatis-spring-1.2.3.jar;C:\Users\hsf\.m2\repository\com\alibaba\dubbo\2.8.4\dubbo-2.8.4.jar;C:\Users\hsf\.m2\repository\io\netty\netty\3.7.0.Final\netty-3.7.0.Final.jar;C:\Users\hsf\.m2\repository\org\javassist\javassist\3.15.0-GA\javassist-3.15.0-GA.jar;C:\Users\hsf\.m2\repository\javax\servlet\javax.servlet-api\3.1.0\javax.servlet-api-3.1.0.jar;C:\Users\hsf\.m2\repository\org\springframework\spring-web\3.2.9.RELEASE\spring-web-3.2.9.RELEASE.jar;C:\Users\hsf\.m2\repository\org\apache\httpcomponents\httpclient\4.2.1\httpclient-4.2.1.jar;C:\Users\hsf\.m2\repository\org\apache\httpcomponents\httpcore\4.2.1\httpcore-4.2.1.jar;C:\Users\hsf\.m2\repository\commons-codec\commons-codec\1.6\commons-codec-1.6.jar;C:\Users\hsf\.m2\repository\commons-pool\commons-pool\1.6\commons-pool-1.6.jar;C:\Users\hsf\.m2\repository\org\apache\curator\curator-framework\2.5.0\curator-framework-2.5.0.jar;C:\Users\hsf\.m2\repository\org\apache\curator\curator-client\2.5.0\curator-client-2.5.0.jar;C:\Users\hsf\.m2\repository\com\google\guava\guava\16.0.1\guava-16.0.1.jar;C:\Users\hsf\.m2\repository\com\github\sgroschupf\zkclient\0.1\zkclient-0.1.jar;C:\Users\hsf\.m2\repository\org\apache\zookeeper\zookeeper\3.3.6\zookeeper-3.3.6.jar;C:\Users\hsf\.m2\repository\jline\jline\0.9.94\jline-0.9.94.jar;C:\Users\hsf\.m2\repository\com\caucho\hessian\4.0.7\hessian-4.0.7.jar;C:\Users\hsf\.m2\repository\org\apache\tomcat\embed\tomcat-embed-core\8.0.11\tomcat-embed-core-8.0.11.jar;C:\Users\hsf\.m2\repository\org\apache\tomcat\embed\tomcat-embed-logging-juli\8.0.11\tomcat-embed-logging-juli-8.0.11.jar;C:\Users\hsf\.m2\repository\javax\ws\rs\javax.ws.rs-api\2.0\javax.ws.rs-api-2.0.jar;C:\Users\hsf\.m2\repository\javax\validation\validation-api\1.0.0.GA\validation-api-1.0.0.GA.jar;C:\Users\hsf\.m2\repository\org\hibernate\hibernate-validator\4.3.1.Final\hibernate-validator-4.3.1.Final.jar;C:\Users\hsf\.m2\repository\org\jboss\logging\jboss-logging\3.1.0.CR2\jboss-logging-3.1.0.CR2.jar;C:\Users\hsf\.m2\repository\org\jboss\resteasy\resteasy-jaxrs\3.0.7.Final\resteasy-jaxrs-3.0.7.Final.jar;C:\Users\hsf\.m2\repository\org\jboss\resteasy\jaxrs-api\3.0.7.Final\jaxrs-api-3.0.7.Final.jar;C:\Users\hsf\.m2\repository\org\jboss\spec\javax\annotation\jboss-annotations-api_1.1_spec\1.0.1.Final\jboss-annotations-api_1.1_spec-1.0.1.Final.jar;C:\Users\hsf\.m2\repository\javax\activation\activation\1.1\activation-1.1.jar;C:\Users\hsf\.m2\repository\commons-io\commons-io\2.1\commons-io-2.1.jar;C:\Users\hsf\.m2\repository\net\jcip\jcip-annotations\1.0\jcip-annotations-1.0.jar;C:\Users\hsf\.m2\repository\org\jboss\resteasy\resteasy-client\3.0.7.Final\resteasy-client-3.0.7.Final.jar;C:\Users\hsf\.m2\repository\org\jboss\resteasy\resteasy-netty\3.0.7.Final\resteasy-netty-3.0.7.Final.jar;C:\Users\hsf\.m2\repository\org\apache\commons\commons-exec\1.3\commons-exec-1.3.jar;C:\Users\hsf\.m2\repository\org\jboss\resteasy\resteasy-jdk-http\3.0.7.Final\resteasy-jdk-http-3.0.7.Final.jar;C:\Users\hsf\.m2\repository\org\jboss\resteasy\resteasy-jackson-provider\3.0.7.Final\resteasy-jackson-provider-3.0.7.Final.jar;C:\Users\hsf\.m2\repository\org\codehaus\jackson\jackson-core-asl\1.9.12\jackson-core-asl-1.9.12.jar;C:\Users\hsf\.m2\repository\org\codehaus\jackson\jackson-mapper-asl\1.9.12\jackson-mapper-asl-1.9.12.jar;C:\Users\hsf\.m2\repository\org\codehaus\jackson\jackson-jaxrs\1.9.12\jackson-jaxrs-1.9.12.jar;C:\Users\hsf\.m2\repository\org\codehaus\jackson\jackson-xc\1.9.12\jackson-xc-1.9.12.jar;C:\Users\hsf\.m2\repository\cglib\cglib\2.2.2\cglib-2.2.2.jar;C:\Users\hsf\.m2\repository\asm\asm\3.3.1\asm-3.3.1.jar;C:\Users\hsf\.m2\repository\org\jboss\resteasy\resteasy-multipart-provider\3.0.7.Final\resteasy-multipart-provider-3.0.7.Final.jar;C:\Users\hsf\.m2\repository\javax\mail\mail\1.5.0-b01\mail-1.5.0-b01.jar;C:\Users\hsf\.m2\repository\org\apache\james\apache-mime4j\0.6\apache-mime4j-0.6.jar;C:\Users\hsf\.m2\repository\org\jboss\resteasy\resteasy-jaxb-provider\3.0.7.Final\resteasy-jaxb-provider-3.0.7.Final.jar;C:\Users\hsf\.m2\repository\com\sun\xml\bind\jaxb-impl\2.2.7\jaxb-impl-2.2.7.jar;C:\Users\hsf\.m2\repository\com\sun\xml\bind\jaxb-core\2.2.7\jaxb-core-2.2.7.jar;C:\Users\hsf\.m2\repository\javax\xml\bind\jaxb-api\2.2.7\jaxb-api-2.2.7.jar;C:\Users\hsf\.m2\repository\com\sun\istack\istack-commons-runtime\2.16\istack-commons-runtime-2.16.jar;C:\Users\hsf\.m2\repository\com\sun\xml\fastinfoset\FastInfoset\1.2.12\FastInfoset-1.2.12.jar;C:\Users\hsf\.m2\repository\javax\xml\bind\jsr173_api\1.0\jsr173_api-1.0.jar;
INFO  - ZooKeeper                  - Client environment:java.library.path=C:\Program Files\Java\jdk1.8.0_65\jre\bin;C:\WINDOWS\Sun\Java\bin;C:\WINDOWS\system32;C:\WINDOWS;C:/Program Files/Java/jre1.8.0_65/bin/server;C:/Program Files/Java/jre1.8.0_65/bin;C:/Program Files/Java/jre1.8.0_65/lib/amd64;D:\app\hsf\product\11.2.0\dbhome_1\bin;C:\ProgramData\Oracle\Java\javapath;C:\WINDOWS\system32;C:\WINDOWS;C:\WINDOWS\System32\Wbem;C:\WINDOWS\System32\WindowsPowerShell\v1.0\;C:\Program Files\Intel\WiFi\bin\;C:\Program Files\Common Files\Intel\WirelessCommon\;C:\Program Files\TortoiseGit\bin;%JAVA_HOME%\bin;C:\Program Files (x86)\Skype\Phone\;C:\Program Files\Java\jdk1.8.0_65\bin;C:\Program Files\mysql-5.6.28-winx64\bin;D:\install\apache-maven-3.3.3\bin;D:\install\redis\bin;D:\install\zookeeper-3.3.6\bin;D:\install\nexus\nexus-2.12.0-01\bin;C:\Program Files (x86)\SSH Communications Security\SSH Secure Shell;D:\soft\eclipse;;.
INFO  - ZooKeeper                  - Client environment:java.io.tmpdir=C:\Users\hsf\AppData\Local\Temp\
INFO  - ZooKeeper                  - Client environment:java.compiler=&lt;NA&gt;
INFO  - ZooKeeper                  - Client environment:os.name=Windows 10
INFO  - ZooKeeper                  - Client environment:os.arch=amd64
INFO  - ZooKeeper                  - Client environment:os.version=10.0
INFO  - ZooKeeper                  - Client environment:user.name=hsf
INFO  - ZooKeeper                  - Client environment:user.home=C:\Users\hsf
INFO  - ZooKeeper                  - Client environment:user.dir=C:\Users\hsf\workspace\aladdin_product
INFO  - ZooKeeper                  - Initiating client connection, connectString=127.0.0.1:2181 sessionTimeout=60000 watcher=org.I0Itec.zkclient.ZkClient@67389cb8
INFO  - ClientCnxn                 - Opening socket connection to server /127.0.0.1:2181
INFO  - ClientCnxn                 - Socket connection established to 127.0.0.1/127.0.0.1:2181, initiating session
INFO  - ClientCnxn                 - Session establishment complete on server 127.0.0.1/127.0.0.1:2181, sessionid = 0x1533a2a64b40005, negotiated timeout = 40000
INFO  - ZkClient                   - zookeeper state changed (SyncConnected)
INFO  - ZookeeperRegistry          -  [DUBBO] Register: dubbo://192.168.121.1:20881/com.maiquan.aladdin.service.IProductService?anyhost=true&amp;application=productProvider&amp;dubbo=2.8.4&amp;generic=false&amp;interface=com.maiquan.aladdin.service.IProductService&amp;methods=addProduct,updateProduct,queryProductDetail,offShelfProduct,getProductListByStatus,deleteProduct,queryProductList&amp;pid=8392&amp;side=provider&amp;timestamp=1456970421518, dubbo version: 2.8.4, current host: 127.0.0.1
INFO  - ZookeeperRegistry          -  [DUBBO] Subscribe: provider://192.168.121.1:20881/com.maiquan.aladdin.service.IProductService?anyhost=true&amp;application=productProvider&amp;category=configurators&amp;check=false&amp;dubbo=2.8.4&amp;generic=false&amp;interface=com.maiquan.aladdin.service.IProductService&amp;methods=addProduct,updateProduct,queryProductDetail,offShelfProduct,getProductListByStatus,deleteProduct,queryProductList&amp;pid=8392&amp;side=provider&amp;timestamp=1456970421518, dubbo version: 2.8.4, current host: 127.0.0.1
INFO  - ZookeeperRegistry          -  [DUBBO] Notify urls for subscribe url provider://192.168.121.1:20881/com.maiquan.aladdin.service.IProductService?anyhost=true&amp;application=productProvider&amp;category=configurators&amp;check=false&amp;dubbo=2.8.4&amp;generic=false&amp;interface=com.maiquan.aladdin.service.IProductService&amp;methods=addProduct,updateProduct,queryProductDetail,offShelfProduct,getProductListByStatus,deleteProduct,queryProductList&amp;pid=8392&amp;side=provider&amp;timestamp=1456970421518, urls: [empty://192.168.121.1:20881/com.maiquan.aladdin.service.IProductService?anyhost=true&amp;application=productProvider&amp;category=configurators&amp;check=false&amp;dubbo=2.8.4&amp;generic=false&amp;interface=com.maiquan.aladdin.service.IProductService&amp;methods=addProduct,updateProduct,queryProductDetail,offShelfProduct,getProductListByStatus,deleteProduct,queryProductList&amp;pid=8392&amp;side=provider&amp;timestamp=1456970421518], dubbo version: 2.8.4, current host: 127.0.0.1
INFO  - AbstractConfig             -  [DUBBO] The service ready on spring started. service: com.maiquan.aladdin.service.IProductSkuService, dubbo version: 2.8.4, current host: 127.0.0.1
INFO  - AbstractConfig             -  [DUBBO] Export dubbo service com.maiquan.aladdin.service.IProductSkuService to local registry, dubbo version: 2.8.4, current host: 127.0.0.1
INFO  - AbstractConfig             -  [DUBBO] Export dubbo service com.maiquan.aladdin.service.IProductSkuService to url dubbo://192.168.121.1:20881/com.maiquan.aladdin.service.IProductSkuService?anyhost=true&amp;application=productProvider&amp;dubbo=2.8.4&amp;generic=false&amp;interface=com.maiquan.aladdin.service.IProductSkuService&amp;methods=getSkuByProductID,getSkuByID&amp;pid=8392&amp;side=provider&amp;timestamp=1456970431868, dubbo version: 2.8.4, current host: 127.0.0.1
INFO  - AbstractConfig             -  [DUBBO] Register dubbo service com.maiquan.aladdin.service.IProductSkuService url dubbo://192.168.121.1:20881/com.maiquan.aladdin.service.IProductSkuService?anyhost=true&amp;application=productProvider&amp;dubbo=2.8.4&amp;generic=false&amp;interface=com.maiquan.aladdin.service.IProductSkuService&amp;methods=getSkuByProductID,getSkuByID&amp;pid=8392&amp;side=provider&amp;timestamp=1456970431868 to registry registry://127.0.0.1:2181/com.alibaba.dubbo.registry.RegistryService?application=productProvider&amp;dubbo=2.8.4&amp;pid=8392&amp;registry=zookeeper&amp;timeout=30000&amp;timestamp=1456970431866, dubbo version: 2.8.4, current host: 127.0.0.1
INFO  - ZookeeperRegistry          -  [DUBBO] Register: dubbo://192.168.121.1:20881/com.maiquan.aladdin.service.IProductSkuService?anyhost=true&amp;application=productProvider&amp;dubbo=2.8.4&amp;generic=false&amp;interface=com.maiquan.aladdin.service.IProductSkuService&amp;methods=getSkuByProductID,getSkuByID&amp;pid=8392&amp;side=provider&amp;timestamp=1456970431868, dubbo version: 2.8.4, current host: 127.0.0.1
INFO  - ZookeeperRegistry          -  [DUBBO] Subscribe: provider://192.168.121.1:20881/com.maiquan.aladdin.service.IProductSkuService?anyhost=true&amp;application=productProvider&amp;category=configurators&amp;check=false&amp;dubbo=2.8.4&amp;generic=false&amp;interface=com.maiquan.aladdin.service.IProductSkuService&amp;methods=getSkuByProductID,getSkuByID&amp;pid=8392&amp;side=provider&amp;timestamp=1456970431868, dubbo version: 2.8.4, current host: 127.0.0.1
INFO  - ZookeeperRegistry          -  [DUBBO] Notify urls for subscribe url provider://192.168.121.1:20881/com.maiquan.aladdin.service.IProductSkuService?anyhost=true&amp;application=productProvider&amp;category=configurators&amp;check=false&amp;dubbo=2.8.4&amp;generic=false&amp;interface=com.maiquan.aladdin.service.IProductSkuService&amp;methods=getSkuByProductID,getSkuByID&amp;pid=8392&amp;side=provider&amp;timestamp=1456970431868, urls: [empty://192.168.121.1:20881/com.maiquan.aladdin.service.IProductSkuService?anyhost=true&amp;application=productProvider&amp;category=configurators&amp;check=false&amp;dubbo=2.8.4&amp;generic=false&amp;interface=com.maiquan.aladdin.service.IProductSkuService&amp;methods=getSkuByProductID,getSkuByID&amp;pid=8392&amp;side=provider&amp;timestamp=1456970431868], dubbo version: 2.8.4, current host: 127.0.0.1
INFO  - AbstractConfig             -  [DUBBO] The service ready on spring started. service: com.maiquan.aladdin.service.IProductVoService, dubbo version: 2.8.4, current host: 127.0.0.1
INFO  - AbstractConfig             -  [DUBBO] Export dubbo service com.maiquan.aladdin.service.IProductVoService to local registry, dubbo version: 2.8.4, current host: 127.0.0.1
INFO  - AbstractConfig             -  [DUBBO] Export dubbo service com.maiquan.aladdin.service.IProductVoService to url dubbo://192.168.121.1:20881/com.maiquan.aladdin.service.IProductVoService?anyhost=true&amp;application=productProvider&amp;dubbo=2.8.4&amp;generic=false&amp;interface=com.maiquan.aladdin.service.IProductVoService&amp;methods=getProductVo&amp;pid=8392&amp;side=provider&amp;timestamp=1456970431957, dubbo version: 2.8.4, current host: 127.0.0.1
INFO  - AbstractConfig             -  [DUBBO] Register dubbo service com.maiquan.aladdin.service.IProductVoService url dubbo://192.168.121.1:20881/com.maiquan.aladdin.service.IProductVoService?anyhost=true&amp;application=productProvider&amp;dubbo=2.8.4&amp;generic=false&amp;interface=com.maiquan.aladdin.service.IProductVoService&amp;methods=getProductVo&amp;pid=8392&amp;side=provider&amp;timestamp=1456970431957 to registry registry://127.0.0.1:2181/com.alibaba.dubbo.registry.RegistryService?application=productProvider&amp;dubbo=2.8.4&amp;pid=8392&amp;registry=zookeeper&amp;timeout=30000&amp;timestamp=1456970431956, dubbo version: 2.8.4, current host: 127.0.0.1
INFO  - ZookeeperRegistry          -  [DUBBO] Register: dubbo://192.168.121.1:20881/com.maiquan.aladdin.service.IProductVoService?anyhost=true&amp;application=productProvider&amp;dubbo=2.8.4&amp;generic=false&amp;interface=com.maiquan.aladdin.service.IProductVoService&amp;methods=getProductVo&amp;pid=8392&amp;side=provider&amp;timestamp=1456970431957, dubbo version: 2.8.4, current host: 127.0.0.1
INFO  - ZookeeperRegistry          -  [DUBBO] Subscribe: provider://192.168.121.1:20881/com.maiquan.aladdin.service.IProductVoService?anyhost=true&amp;application=productProvider&amp;category=configurators&amp;check=false&amp;dubbo=2.8.4&amp;generic=false&amp;interface=com.maiquan.aladdin.service.IProductVoService&amp;methods=getProductVo&amp;pid=8392&amp;side=provider&amp;timestamp=1456970431957, dubbo version: 2.8.4, current host: 127.0.0.1
INFO  - ZookeeperRegistry          -  [DUBBO] Notify urls for subscribe url provider://192.168.121.1:20881/com.maiquan.aladdin.service.IProductVoService?anyhost=true&amp;application=productProvider&amp;category=configurators&amp;check=false&amp;dubbo=2.8.4&amp;generic=false&amp;interface=com.maiquan.aladdin.service.IProductVoService&amp;methods=getProductVo&amp;pid=8392&amp;side=provider&amp;timestamp=1456970431957, urls: [empty://192.168.121.1:20881/com.maiquan.aladdin.service.IProductVoService?anyhost=true&amp;application=productProvider&amp;category=configurators&amp;check=false&amp;dubbo=2.8.4&amp;generic=false&amp;interface=com.maiquan.aladdin.service.IProductVoService&amp;methods=getProductVo&amp;pid=8392&amp;side=provider&amp;timestamp=1456970431957], dubbo version: 2.8.4, current host: 127.0.0.1
INFO  - DruidDataSource            - {dataSource-1} inited
begin to get product use redis
INFO  - XmlBeanDefinitionReader    - Loading XML bean definitions from class path resource [org/springframework/jdbc/support/sql-error-codes.xml]
INFO  - SQLErrorCodesFactory       - SQLErrorCodes loaded: [DB2, Derby, H2, HSQL, Informix, MS-SQL, MySQL, Oracle, PostgreSQL, Sybase]
</system-out>
  </testcase>
  <testcase classname="com.maiquan.aladdin.TestProductService" name="testDelProduct" time="0"/>
  <testcase classname="com.maiquan.aladdin.TestProductService" name="testGetProductByStatus" time="0"/>
  <testcase classname="com.maiquan.aladdin.TestProductService" name="testUpdateProduct" time="0"/>
  <testcase classname="com.maiquan.aladdin.TestProductService" name="testOffShelfProduct" time="0"/>
  <testcase classname="com.maiquan.aladdin.TestProductService" name="testQueryProductList" time="0.002"/>
  <testcase classname="com.maiquan.aladdin.TestProductService" name="testGetProductList" time="0"/>
  <testcase classname="com.maiquan.aladdin.TestProductService" name="testInsertProduct" time="0.025">
    <error message="
### Error updating database.  Cause: com.mysql.jdbc.exceptions.jdbc4.MySQLSyntaxErrorException: Table &apos;alading2.t_product&apos; doesn&apos;t exist
### The error may involve com.maiquan.aladdin.mapper.ProductMapper.insert-Inline
### The error occurred while setting parameters
### SQL: insert into t_product (ID, brandID, categoryID,        supplyID, shortName, productName,        sellDesc, sellType, productCode,        weight, price, collects,        views, sellCount, limitCount,        sortOrder, platform, minusStock,        status, uid, createTime,        updateTime)     values (?, ?, ?,        ?, ?, ?,        ?, ?, ?,        ?, ?, ?,        ?, ?, ?,        ?, ?, ?,        ?, ?, ?,        ?)
### Cause: com.mysql.jdbc.exceptions.jdbc4.MySQLSyntaxErrorException: Table &apos;alading2.t_product&apos; doesn&apos;t exist
; bad SQL grammar []; nested exception is com.mysql.jdbc.exceptions.jdbc4.MySQLSyntaxErrorException: Table &apos;alading2.t_product&apos; doesn&apos;t exist" type="org.springframework.jdbc.BadSqlGrammarException">org.springframework.jdbc.BadSqlGrammarException: 
### Error updating database.  Cause: com.mysql.jdbc.exceptions.jdbc4.MySQLSyntaxErrorException: Table &apos;alading2.t_product&apos; doesn&apos;t exist
### The error may involve com.maiquan.aladdin.mapper.ProductMapper.insert-Inline
### The error occurred while setting parameters
### SQL: insert into t_product (ID, brandID, categoryID,        supplyID, shortName, productName,        sellDesc, sellType, productCode,        weight, price, collects,        views, sellCount, limitCount,        sortOrder, platform, minusStock,        status, uid, createTime,        updateTime)     values (?, ?, ?,        ?, ?, ?,        ?, ?, ?,        ?, ?, ?,        ?, ?, ?,        ?, ?, ?,        ?, ?, ?,        ?)
### Cause: com.mysql.jdbc.exceptions.jdbc4.MySQLSyntaxErrorException: Table &apos;alading2.t_product&apos; doesn&apos;t exist
; bad SQL grammar []; nested exception is com.mysql.jdbc.exceptions.jdbc4.MySQLSyntaxErrorException: Table &apos;alading2.t_product&apos; doesn&apos;t exist
	at org.springframework.jdbc.support.SQLErrorCodeSQLExceptionTranslator.doTranslate(SQLErrorCodeSQLExceptionTranslator.java:233)
	at org.springframework.jdbc.support.AbstractFallbackSQLExceptionTranslator.translate(AbstractFallbackSQLExceptionTranslator.java:72)
	at org.mybatis.spring.MyBatisExceptionTranslator.translateExceptionIfPossible(MyBatisExceptionTranslator.java:74)
	at org.mybatis.spring.SqlSessionTemplate$SqlSessionInterceptor.invoke(SqlSessionTemplate.java:399)
	at com.sun.proxy.$Proxy14.insert(Unknown Source)
	at org.mybatis.spring.SqlSessionTemplate.insert(SqlSessionTemplate.java:253)
	at org.apache.ibatis.binding.MapperMethod.execute(MapperMethod.java:46)
	at org.apache.ibatis.binding.MapperProxy.invoke(MapperProxy.java:43)
	at com.sun.proxy.$Proxy15.insert(Unknown Source)
	at com.maiquan.aladdin.service.impl.ProductServiceImpl.addProduct(ProductServiceImpl.java:43)
	at sun.reflect.NativeMethodAccessorImpl.invoke0(Native Method)
	at sun.reflect.NativeMethodAccessorImpl.invoke(NativeMethodAccessorImpl.java:62)
	at sun.reflect.DelegatingMethodAccessorImpl.invoke(DelegatingMethodAccessorImpl.java:43)
	at java.lang.reflect.Method.invoke(Method.java:497)
	at org.springframework.aop.support.AopUtils.invokeJoinpointUsingReflection(AopUtils.java:319)
	at org.springframework.aop.framework.ReflectiveMethodInvocation.invokeJoinpoint(ReflectiveMethodInvocation.java:183)
	at org.springframework.aop.framework.ReflectiveMethodInvocation.proceed(ReflectiveMethodInvocation.java:150)
	at org.springframework.transaction.interceptor.TransactionInterceptor.invoke(TransactionInterceptor.java:110)
	at org.springframework.aop.framework.ReflectiveMethodInvocation.proceed(ReflectiveMethodInvocation.java:172)
	at org.springframework.aop.interceptor.ExposeInvocationInterceptor.invoke(ExposeInvocationInterceptor.java:90)
	at org.springframework.aop.framework.ReflectiveMethodInvocation.proceed(ReflectiveMethodInvocation.java:172)
	at org.springframework.aop.framework.JdkDynamicAopProxy.invoke(JdkDynamicAopProxy.java:202)
	at com.sun.proxy.$Proxy20.addProduct(Unknown Source)
	at com.maiquan.aladdin.TestProductService.testInsertProduct(TestProductService.java:52)
	at sun.reflect.NativeMethodAccessorImpl.invoke0(Native Method)
	at sun.reflect.NativeMethodAccessorImpl.invoke(NativeMethodAccessorImpl.java:62)
	at sun.reflect.DelegatingMethodAccessorImpl.invoke(DelegatingMethodAccessorImpl.java:43)
	at java.lang.reflect.Method.invoke(Method.java:497)
	at org.junit.runners.model.FrameworkMethod$1.runReflectiveCall(FrameworkMethod.java:45)
	at org.junit.internal.runners.model.ReflectiveCallable.run(ReflectiveCallable.java:15)
	at org.junit.runners.model.FrameworkMethod.invokeExplosively(FrameworkMethod.java:42)
	at org.junit.internal.runners.statements.InvokeMethod.evaluate(InvokeMethod.java:20)
	at org.springframework.test.context.junit4.statements.RunBeforeTestMethodCallbacks.evaluate(RunBeforeTestMethodCallbacks.java:74)
	at org.springframework.test.context.junit4.statements.RunAfterTestMethodCallbacks.evaluate(RunAfterTestMethodCallbacks.java:83)
	at org.springframework.test.context.junit4.statements.SpringRepeat.evaluate(SpringRepeat.java:72)
	at org.springframework.test.context.junit4.SpringJUnit4ClassRunner.runChild(SpringJUnit4ClassRunner.java:231)
	at org.junit.runners.BlockJUnit4ClassRunner.runChild(BlockJUnit4ClassRunner.java:47)
	at org.junit.runners.ParentRunner$3.run(ParentRunner.java:231)
	at org.junit.runners.ParentRunner$1.schedule(ParentRunner.java:60)
	at org.junit.runners.ParentRunner.runChildren(ParentRunner.java:229)
	at org.junit.runners.ParentRunner.access$000(ParentRunner.java:50)
	at org.junit.runners.ParentRunner$2.evaluate(ParentRunner.java:222)
	at org.springframework.test.context.junit4.statements.RunBeforeTestClassCallbacks.evaluate(RunBeforeTestClassCallbacks.java:61)
	at org.springframework.test.context.junit4.statements.RunAfterTestClassCallbacks.evaluate(RunAfterTestClassCallbacks.java:71)
	at org.junit.runners.ParentRunner.run(ParentRunner.java:300)
	at org.springframework.test.context.junit4.SpringJUnit4ClassRunner.run(SpringJUnit4ClassRunner.java:174)
	at org.apache.maven.surefire.junit4.JUnit4Provider.execute(JUnit4Provider.java:252)
	at org.apache.maven.surefire.junit4.JUnit4Provider.executeTestSet(JUnit4Provider.java:141)
	at org.apache.maven.surefire.junit4.JUnit4Provider.invoke(JUnit4Provider.java:112)
	at sun.reflect.NativeMethodAccessorImpl.invoke0(Native Method)
	at sun.reflect.NativeMethodAccessorImpl.invoke(NativeMethodAccessorImpl.java:62)
	at sun.reflect.DelegatingMethodAccessorImpl.invoke(DelegatingMethodAccessorImpl.java:43)
	at java.lang.reflect.Method.invoke(Method.java:497)
	at org.apache.maven.surefire.util.ReflectionUtils.invokeMethodWithArray(ReflectionUtils.java:189)
	at org.apache.maven.surefire.booter.ProviderFactory$ProviderProxy.invoke(ProviderFactory.java:165)
	at org.apache.maven.surefire.booter.ProviderFactory.invokeProvider(ProviderFactory.java:85)
	at org.apache.maven.surefire.booter.ForkedBooter.runSuitesInProcess(ForkedBooter.java:115)
	at org.apache.maven.surefire.booter.ForkedBooter.main(ForkedBooter.java:75)
Caused by: com.mysql.jdbc.exceptions.jdbc4.MySQLSyntaxErrorException: Table &apos;alading2.t_product&apos; doesn&apos;t exist
	at sun.reflect.NativeConstructorAccessorImpl.newInstance0(Native Method)
	at sun.reflect.NativeConstructorAccessorImpl.newInstance(NativeConstructorAccessorImpl.java:62)
	at sun.reflect.DelegatingConstructorAccessorImpl.newInstance(DelegatingConstructorAccessorImpl.java:45)
	at java.lang.reflect.Constructor.newInstance(Constructor.java:422)
	at com.mysql.jdbc.Util.handleNewInstance(Util.java:408)
	at com.mysql.jdbc.Util.getInstance(Util.java:383)
	at com.mysql.jdbc.SQLError.createSQLException(SQLError.java:1062)
	at com.mysql.jdbc.MysqlIO.checkErrorPacket(MysqlIO.java:4226)
	at com.mysql.jdbc.MysqlIO.checkErrorPacket(MysqlIO.java:4158)
	at com.mysql.jdbc.MysqlIO.sendCommand(MysqlIO.java:2615)
	at com.mysql.jdbc.MysqlIO.sqlQueryDirect(MysqlIO.java:2776)
	at com.mysql.jdbc.ConnectionImpl.execSQL(ConnectionImpl.java:2840)
	at com.mysql.jdbc.PreparedStatement.executeInternal(PreparedStatement.java:2082)
	at com.mysql.jdbc.PreparedStatement.execute(PreparedStatement.java:1302)
	at com.alibaba.druid.pool.DruidPooledPreparedStatement.execute(DruidPooledPreparedStatement.java:493)
	at org.apache.ibatis.executor.statement.PreparedStatementHandler.update(PreparedStatementHandler.java:41)
	at org.apache.ibatis.executor.statement.RoutingStatementHandler.update(RoutingStatementHandler.java:66)
	at org.apache.ibatis.executor.SimpleExecutor.doUpdate(SimpleExecutor.java:45)
	at org.apache.ibatis.executor.BaseExecutor.update(BaseExecutor.java:100)
	at org.apache.ibatis.executor.CachingExecutor.update(CachingExecutor.java:75)
	at org.apache.ibatis.session.defaults.DefaultSqlSession.update(DefaultSqlSession.java:148)
	at org.apache.ibatis.session.defaults.DefaultSqlSession.insert(DefaultSqlSession.java:137)
	at sun.reflect.NativeMethodAccessorImpl.invoke0(Native Method)
	at sun.reflect.NativeMethodAccessorImpl.invoke(NativeMethodAccessorImpl.java:62)
	at sun.reflect.DelegatingMethodAccessorImpl.invoke(DelegatingMethodAccessorImpl.java:43)
	at java.lang.reflect.Method.invoke(Method.java:497)
	at org.mybatis.spring.SqlSessionTemplate$SqlSessionInterceptor.invoke(SqlSessionTemplate.java:386)
	... 54 more
</error>
  </testcase>
</testsuite>